<?xml version="1.0" encoding="UTF-8"?>
<!-- Generated by org.testng.reporters.JUnitXMLReporter -->
<testsuite hostname="LAPTOP-N08BGS91" ignored="0" name="Command line test" tests="5" failures="0" timestamp="2020-05-22T16:24:18 IST" time="285.965" errors="0">
  <testcase name="VerifyCreateNewAccountTest" time="25.139" classname="com.crm.qa.testcases.AccountTest"/>
  <testcase name="VerifyEditAddressInformationTest" time="64.656" classname="com.crm.qa.testcases.AccountTest"/>
  <testcase name="VerifyCreateNewLead" time="56.319" classname="com.crm.qa.testcases.CreateNewLeadTest"/>
  <testcase name="VerifyCreateNewLead" time="20.22" classname="com.crm.qa.testcases.CreateNewLeadTest"/>
  <testcase name="ValidateSFLogo" time="15.513" classname="com.crm.qa.testcases.LoginToApplicationTest"/>
</testsuite> <!-- Command line test -->
